<?xml version="1.0" encoding="UTF-8"?>
<!-- Generated by org.testng.reporters.JUnitReportReporter -->
<testsuite hostname="DESKTOP-QAB7R0C" failures="0" tests="2" name="com.edu.practice.SampleExecutionTest" time="0.017" errors="0" timestamp="2022-08-23T15:36:46 IST" skipped="0">
  <testcase classname="com.edu.practice.SampleExecutionTest" name="modifySample" time="0.001"/>
  <system-out/>
  <testcase classname="com.edu.practice.SampleExecutionTest" name="createSample" time="0.016"/>
  <system-out/>
</testsuite> <!-- com.edu.practice.SampleExecutionTest -->
